<?xml version="1.0" encoding="UTF-8"?>
<testsuite name="com.pro.jenova.data.repository.UserRepositoryTest" tests="1" skipped="0" failures="0" errors="0" timestamp="2017-04-02T11:36:39" hostname="LNV-PC" time="0.293">
  <properties/>
  <testcase name="saveCustomer" classname="com.pro.jenova.data.repository.UserRepositoryTest" time="0.293"/>
  <system-out><![CDATA[13:36:37.508 [Test worker] DEBUG org.springframework.test.context.junit4.SpringJUnit4ClassRunner - SpringJUnit4ClassRunner constructor called with [class com.pro.jenova.data.repository.UserRepositoryTest]
13:36:37.518 [Test worker] DEBUG org.springframework.test.context.BootstrapUtils - Instantiating CacheAwareContextLoaderDelegate from class [org.springframework.test.context.cache.DefaultCacheAwareContextLoaderDelegate]
13:36:37.528 [Test worker] DEBUG org.springframework.test.context.BootstrapUtils - Instantiating BootstrapContext using constructor [public org.springframework.test.context.support.DefaultBootstrapContext(java.lang.Class,org.springframework.test.context.CacheAwareContextLoaderDelegate)]
13:36:37.538 [Test worker] DEBUG org.springframework.test.context.BootstrapUtils - Instantiating TestContextBootstrapper for test class [com.pro.jenova.data.repository.UserRepositoryTest] from class [org.springframework.boot.test.context.SpringBootTestContextBootstrapper]
13:36:37.548 [Test worker] INFO org.springframework.boot.test.context.SpringBootTestContextBootstrapper - Neither @ContextConfiguration nor @ContextHierarchy found for test class [com.pro.jenova.data.repository.UserRepositoryTest], using SpringBootContextLoader
13:36:37.548 [Test worker] DEBUG org.springframework.test.context.support.AbstractContextLoader - Did not detect default resource location for test class [com.pro.jenova.data.repository.UserRepositoryTest]: class path resource [com/pro/jenova/data/repository/UserRepositoryTest-context.xml] does not exist
13:36:37.548 [Test worker] DEBUG org.springframework.test.context.support.AbstractContextLoader - Did not detect default resource location for test class [com.pro.jenova.data.repository.UserRepositoryTest]: class path resource [com/pro/jenova/data/repository/UserRepositoryTestContext.groovy] does not exist
13:36:37.548 [Test worker] INFO org.springframework.test.context.support.AbstractContextLoader - Could not detect default resource locations for test class [com.pro.jenova.data.repository.UserRepositoryTest]: no resource found for suffixes {-context.xml, Context.groovy}.
13:36:37.548 [Test worker] INFO org.springframework.test.context.support.AnnotationConfigContextLoaderUtils - Could not detect default configuration classes for test class [com.pro.jenova.data.repository.UserRepositoryTest]: UserRepositoryTest does not declare any static, non-private, non-final, nested classes annotated with @Configuration.
13:36:37.578 [Test worker] DEBUG org.springframework.test.context.support.ActiveProfilesUtils - Could not find an 'annotation declaring class' for annotation type [org.springframework.test.context.ActiveProfiles] and class [com.pro.jenova.data.repository.UserRepositoryTest]
13:36:37.588 [Test worker] DEBUG org.springframework.core.env.StandardEnvironment - Adding [systemProperties] PropertySource with lowest search precedence
13:36:37.588 [Test worker] DEBUG org.springframework.core.env.StandardEnvironment - Adding [systemEnvironment] PropertySource with lowest search precedence
13:36:37.588 [Test worker] DEBUG org.springframework.core.env.StandardEnvironment - Initialized StandardEnvironment with PropertySources [systemProperties,systemEnvironment]
13:36:37.598 [Test worker] DEBUG org.springframework.core.io.support.PathMatchingResourcePatternResolver - Resolved classpath location [com/pro/jenova/data/repository/] to resources [URL [file:/C:/Java/repos/jenova/data/build/classes/test/com/pro/jenova/data/repository/], URL [file:/C:/Java/repos/jenova/data/build/classes/main/com/pro/jenova/data/repository/]]
13:36:37.598 [Test worker] DEBUG org.springframework.core.io.support.PathMatchingResourcePatternResolver - Looking for matching resources in directory tree [C:\Java\repos\jenova\data\build\classes\test\com\pro\jenova\data\repository]
13:36:37.598 [Test worker] DEBUG org.springframework.core.io.support.PathMatchingResourcePatternResolver - Searching directory [C:\Java\repos\jenova\data\build\classes\test\com\pro\jenova\data\repository] for files matching pattern [C:/Java/repos/jenova/data/build/classes/test/com/pro/jenova/data/repository/*.class]
13:36:37.598 [Test worker] DEBUG org.springframework.core.io.support.PathMatchingResourcePatternResolver - Looking for matching resources in directory tree [C:\Java\repos\jenova\data\build\classes\main\com\pro\jenova\data\repository]
13:36:37.598 [Test worker] DEBUG org.springframework.core.io.support.PathMatchingResourcePatternResolver - Searching directory [C:\Java\repos\jenova\data\build\classes\main\com\pro\jenova\data\repository] for files matching pattern [C:/Java/repos/jenova/data/build/classes/main/com/pro/jenova/data/repository/*.class]
13:36:37.598 [Test worker] DEBUG org.springframework.core.io.support.PathMatchingResourcePatternResolver - Resolved location pattern [classpath*:com/pro/jenova/data/repository/*.class] to resources [file [C:\Java\repos\jenova\data\build\classes\test\com\pro\jenova\data\repository\UserRepositoryTest.class], file [C:\Java\repos\jenova\data\build\classes\main\com\pro\jenova\data\repository\UserRepository.class]]
13:36:37.618 [Test worker] DEBUG org.springframework.core.io.support.PathMatchingResourcePatternResolver - Resolved classpath location [com/pro/jenova/data/] to resources [URL [file:/C:/Java/repos/jenova/data/build/classes/test/com/pro/jenova/data/], URL [file:/C:/Java/repos/jenova/data/build/classes/main/com/pro/jenova/data/]]
13:36:37.618 [Test worker] DEBUG org.springframework.core.io.support.PathMatchingResourcePatternResolver - Looking for matching resources in directory tree [C:\Java\repos\jenova\data\build\classes\test\com\pro\jenova\data]
13:36:37.618 [Test worker] DEBUG org.springframework.core.io.support.PathMatchingResourcePatternResolver - Searching directory [C:\Java\repos\jenova\data\build\classes\test\com\pro\jenova\data] for files matching pattern [C:/Java/repos/jenova/data/build/classes/test/com/pro/jenova/data/*.class]
13:36:37.618 [Test worker] DEBUG org.springframework.core.io.support.PathMatchingResourcePatternResolver - Looking for matching resources in directory tree [C:\Java\repos\jenova\data\build\classes\main\com\pro\jenova\data]
13:36:37.618 [Test worker] DEBUG org.springframework.core.io.support.PathMatchingResourcePatternResolver - Searching directory [C:\Java\repos\jenova\data\build\classes\main\com\pro\jenova\data] for files matching pattern [C:/Java/repos/jenova/data/build/classes/main/com/pro/jenova/data/*.class]
13:36:37.618 [Test worker] DEBUG org.springframework.core.io.support.PathMatchingResourcePatternResolver - Resolved location pattern [classpath*:com/pro/jenova/data/*.class] to resources []
13:36:37.618 [Test worker] DEBUG org.springframework.core.io.support.PathMatchingResourcePatternResolver - Resolved classpath location [com/pro/jenova/] to resources [URL [file:/C:/Java/repos/jenova/data/build/classes/test/com/pro/jenova/], URL [file:/C:/Java/repos/jenova/data/build/classes/main/com/pro/jenova/], URL [jar:file:/C:/Java/repos/jenova/core/build/libs/core-1.0-SNAPSHOT.jar!/com/pro/jenova/], URL [jar:file:/C:/Java/repos/jenova/util/build/libs/util-1.0-SNAPSHOT.jar!/com/pro/jenova/]]
13:36:37.618 [Test worker] DEBUG org.springframework.core.io.support.PathMatchingResourcePatternResolver - Looking for matching resources in directory tree [C:\Java\repos\jenova\data\build\classes\test\com\pro\jenova]
13:36:37.618 [Test worker] DEBUG org.springframework.core.io.support.PathMatchingResourcePatternResolver - Searching directory [C:\Java\repos\jenova\data\build\classes\test\com\pro\jenova] for files matching pattern [C:/Java/repos/jenova/data/build/classes/test/com/pro/jenova/*.class]
13:36:37.618 [Test worker] DEBUG org.springframework.core.io.support.PathMatchingResourcePatternResolver - Looking for matching resources in directory tree [C:\Java\repos\jenova\data\build\classes\main\com\pro\jenova]
13:36:37.618 [Test worker] DEBUG org.springframework.core.io.support.PathMatchingResourcePatternResolver - Searching directory [C:\Java\repos\jenova\data\build\classes\main\com\pro\jenova] for files matching pattern [C:/Java/repos/jenova/data/build/classes/main/com/pro/jenova/*.class]
13:36:37.618 [Test worker] DEBUG org.springframework.core.io.support.PathMatchingResourcePatternResolver - Looking for matching resources in jar file [file:/C:/Java/repos/jenova/core/build/libs/core-1.0-SNAPSHOT.jar]
13:36:37.618 [Test worker] DEBUG org.springframework.core.io.support.PathMatchingResourcePatternResolver - Looking for matching resources in jar file [file:/C:/Java/repos/jenova/util/build/libs/util-1.0-SNAPSHOT.jar]
13:36:37.618 [Test worker] DEBUG org.springframework.core.io.support.PathMatchingResourcePatternResolver - Resolved location pattern [classpath*:com/pro/jenova/*.class] to resources [URL [jar:file:/C:/Java/repos/jenova/core/build/libs/core-1.0-SNAPSHOT.jar!/com/pro/jenova/Application.class]]
13:36:37.648 [Test worker] DEBUG org.springframework.context.annotation.ClassPathScanningCandidateComponentProvider - Identified candidate component class: URL [jar:file:/C:/Java/repos/jenova/core/build/libs/core-1.0-SNAPSHOT.jar!/com/pro/jenova/Application.class]
13:36:37.648 [Test worker] INFO org.springframework.boot.test.context.SpringBootTestContextBootstrapper - Found @SpringBootConfiguration com.pro.jenova.Application for test class com.pro.jenova.data.repository.UserRepositoryTest
13:36:37.648 [Test worker] DEBUG org.springframework.boot.test.context.SpringBootTestContextBootstrapper - @TestExecutionListeners is not present for class [com.pro.jenova.data.repository.UserRepositoryTest]: using defaults.
13:36:37.658 [Test worker] INFO org.springframework.boot.test.context.SpringBootTestContextBootstrapper - Loaded default TestExecutionListener class names from location [META-INF/spring.factories]: [org.springframework.boot.test.mock.mockito.MockitoTestExecutionListener, org.springframework.boot.test.mock.mockito.ResetMocksTestExecutionListener, org.springframework.boot.test.autoconfigure.restdocs.RestDocsTestExecutionListener, org.springframework.boot.test.autoconfigure.web.client.MockRestServiceServerResetTestExecutionListener, org.springframework.boot.test.autoconfigure.web.servlet.MockMvcPrintOnlyOnFailureTestExecutionListener, org.springframework.boot.test.autoconfigure.web.servlet.WebDriverTestExecutionListener, org.springframework.test.context.web.ServletTestExecutionListener, org.springframework.test.context.support.DirtiesContextBeforeModesTestExecutionListener, org.springframework.test.context.support.DependencyInjectionTestExecutionListener, org.springframework.test.context.support.DirtiesContextTestExecutionListener, org.springframework.test.context.transaction.TransactionalTestExecutionListener, org.springframework.test.context.jdbc.SqlScriptsTestExecutionListener]
13:36:37.658 [Test worker] INFO org.springframework.boot.test.context.SpringBootTestContextBootstrapper - Could not instantiate TestExecutionListener [org.springframework.test.context.web.ServletTestExecutionListener]. Specify custom listener classes or make the default listener classes (and their required dependencies) available. Offending class: [javax/servlet/ServletContext]
13:36:37.668 [Test worker] INFO org.springframework.boot.test.context.SpringBootTestContextBootstrapper - Using TestExecutionListeners: [org.springframework.test.context.support.DirtiesContextBeforeModesTestExecutionListener@2b8592a9, org.springframework.boot.test.autoconfigure.SpringBootDependencyInjectionTestExecutionListener@667cddb5, org.springframework.test.context.support.DirtiesContextTestExecutionListener@2387d6e8, org.springframework.test.context.transaction.TransactionalTestExecutionListener@513ef944, org.springframework.test.context.jdbc.SqlScriptsTestExecutionListener@56292910, org.springframework.boot.test.mock.mockito.MockitoTestExecutionListener@5638d715, org.springframework.boot.test.autoconfigure.web.servlet.WebDriverTestExecutionListener@4b157bac, org.springframework.boot.test.autoconfigure.web.client.MockRestServiceServerResetTestExecutionListener@6dc75f53, org.springframework.boot.test.mock.mockito.ResetMocksTestExecutionListener@72399a52, org.springframework.boot.test.autoconfigure.restdocs.RestDocsTestExecutionListener@62297b7f, org.springframework.boot.test.autoconfigure.web.servlet.MockMvcPrintOnlyOnFailureTestExecutionListener@201a48d]
13:36:37.668 [Test worker] DEBUG org.springframework.test.annotation.ProfileValueUtils - Retrieved @ProfileValueSourceConfiguration [null] for test class [com.pro.jenova.data.repository.UserRepositoryTest]
13:36:37.668 [Test worker] DEBUG org.springframework.test.annotation.ProfileValueUtils - Retrieved ProfileValueSource type [class org.springframework.test.annotation.SystemProfileValueSource] for class [com.pro.jenova.data.repository.UserRepositoryTest]
13:36:37.668 [Test worker] DEBUG org.springframework.test.annotation.ProfileValueUtils - Retrieved @ProfileValueSourceConfiguration [null] for test class [com.pro.jenova.data.repository.UserRepositoryTest]
13:36:37.668 [Test worker] DEBUG org.springframework.test.annotation.ProfileValueUtils - Retrieved ProfileValueSource type [class org.springframework.test.annotation.SystemProfileValueSource] for class [com.pro.jenova.data.repository.UserRepositoryTest]
13:36:37.678 [Test worker] DEBUG org.springframework.test.context.support.AbstractDirtiesContextTestExecutionListener - Before test class: context [DefaultTestContext@25a4155 testClass = UserRepositoryTest, testInstance = [null], testMethod = [null], testException = [null], mergedContextConfiguration = [MergedContextConfiguration@77ca7b78 testClass = UserRepositoryTest, locations = '{}', classes = '{class com.pro.jenova.Application}', contextInitializerClasses = '[]', activeProfiles = '{}', propertySourceLocations = '{}', propertySourceProperties = '{org.springframework.boot.test.context.SpringBootTestContextBootstrapper=true}', contextCustomizers = set[org.springframework.boot.test.context.SpringBootTestContextCustomizer@788ca3c8, org.springframework.boot.test.context.filter.ExcludeFilterContextCustomizer@58322a53, org.springframework.boot.test.mock.mockito.MockitoContextCustomizer@0, org.springframework.boot.test.autoconfigure.properties.PropertyMappingContextCustomizer@0, org.springframework.boot.test.autoconfigure.web.servlet.WebDriverContextCustomizerFactory$Customizer@19c435fe], contextLoader = 'org.springframework.boot.test.context.SpringBootContextLoader', parent = [null]]], class annotated with @DirtiesContext [false] with mode [null].
13:36:37.678 [Test worker] DEBUG org.springframework.test.annotation.ProfileValueUtils - Retrieved @ProfileValueSourceConfiguration [null] for test class [com.pro.jenova.data.repository.UserRepositoryTest]
13:36:37.678 [Test worker] DEBUG org.springframework.test.annotation.ProfileValueUtils - Retrieved ProfileValueSource type [class org.springframework.test.annotation.SystemProfileValueSource] for class [com.pro.jenova.data.repository.UserRepositoryTest]
13:36:37.678 [Test worker] DEBUG org.springframework.test.context.support.DependencyInjectionTestExecutionListener - Performing dependency injection for test context [[DefaultTestContext@25a4155 testClass = UserRepositoryTest, testInstance = com.pro.jenova.data.repository.UserRepositoryTest@116ff2ad, testMethod = [null], testException = [null], mergedContextConfiguration = [MergedContextConfiguration@77ca7b78 testClass = UserRepositoryTest, locations = '{}', classes = '{class com.pro.jenova.Application}', contextInitializerClasses = '[]', activeProfiles = '{}', propertySourceLocations = '{}', propertySourceProperties = '{org.springframework.boot.test.context.SpringBootTestContextBootstrapper=true}', contextCustomizers = set[org.springframework.boot.test.context.SpringBootTestContextCustomizer@788ca3c8, org.springframework.boot.test.context.filter.ExcludeFilterContextCustomizer@58322a53, org.springframework.boot.test.mock.mockito.MockitoContextCustomizer@0, org.springframework.boot.test.autoconfigure.properties.PropertyMappingContextCustomizer@0, org.springframework.boot.test.autoconfigure.web.servlet.WebDriverContextCustomizerFactory$Customizer@19c435fe], contextLoader = 'org.springframework.boot.test.context.SpringBootContextLoader', parent = [null]]]].
13:36:37.728 [Test worker] DEBUG org.springframework.core.env.StandardEnvironment - Adding [systemProperties] PropertySource with lowest search precedence
13:36:37.728 [Test worker] DEBUG org.springframework.core.env.StandardEnvironment - Adding [systemEnvironment] PropertySource with lowest search precedence
13:36:37.728 [Test worker] DEBUG org.springframework.core.env.StandardEnvironment - Initialized StandardEnvironment with PropertySources [systemProperties,systemEnvironment]
13:36:37.728 [Test worker] DEBUG org.springframework.core.env.MutablePropertySources - Adding [inline] PropertySource with highest search precedence
13:36:37.728 [Test worker] DEBUG org.springframework.test.context.support.TestPropertySourceUtils - Adding inlined properties to environment: {spring.jmx.enabled=false, org.springframework.boot.test.context.SpringBootTestContextBootstrapper=true, server.port=-1}
13:36:37.728 [Test worker] DEBUG org.springframework.core.env.StandardEnvironment - Adding [Inlined Test Properties] PropertySource with highest search precedence
      _                                 
     | |  ___  _ __    ___ __   __ __ _ 
  _  | | / _ \| '_ \  / _ \\ \ / // _` |
 | |_| ||  __/| | | || (_) |\ V /| (_| |
  \___/  \___||_| |_| \___/  \_/  \__,_|
                                        
2017-04-02 13:36:37.927  INFO 1332 --- [    Test worker] c.p.j.d.repository.UserRepositoryTest    : Starting UserRepositoryTest on LNV-PC with PID 1332 (started by LNV in C:\Java\repos\jenova\data)
2017-04-02 13:36:37.927  INFO 1332 --- [    Test worker] c.p.j.d.repository.UserRepositoryTest    : No active profile set, falling back to default profiles: default
2017-04-02 13:36:37.947  INFO 1332 --- [    Test worker] s.c.a.AnnotationConfigApplicationContext : Refreshing org.springframework.context.annotation.AnnotationConfigApplicationContext@245af183: startup date [Sun Apr 02 13:36:37 CEST 2017]; root of context hierarchy
2017-04-02 13:36:38.807  INFO 1332 --- [    Test worker] j.LocalContainerEntityManagerFactoryBean : Building JPA container EntityManagerFactory for persistence unit 'default'
2017-04-02 13:36:38.827  INFO 1332 --- [    Test worker] o.hibernate.jpa.internal.util.LogHelper  : HHH000204: Processing PersistenceUnitInfo [
	name: default
	...]
2017-04-02 13:36:38.887  INFO 1332 --- [    Test worker] org.hibernate.Version                    : HHH000412: Hibernate Core {5.0.12.Final}
2017-04-02 13:36:38.887  INFO 1332 --- [    Test worker] org.hibernate.cfg.Environment            : HHH000206: hibernate.properties not found
2017-04-02 13:36:38.887  INFO 1332 --- [    Test worker] org.hibernate.cfg.Environment            : HHH000021: Bytecode provider name : javassist
2017-04-02 13:36:38.927  INFO 1332 --- [    Test worker] o.hibernate.annotations.common.Version   : HCANN000001: Hibernate Commons Annotations {5.0.1.Final}
2017-04-02 13:36:39.027  INFO 1332 --- [    Test worker] org.hibernate.dialect.Dialect            : HHH000400: Using dialect: org.hibernate.dialect.H2Dialect
2017-04-02 13:36:39.365  INFO 1332 --- [    Test worker] org.hibernate.tool.hbm2ddl.SchemaExport  : HHH000227: Running hbm2ddl schema export
2017-04-02 13:36:39.375  INFO 1332 --- [    Test worker] org.hibernate.tool.hbm2ddl.SchemaExport  : HHH000230: Schema export complete
2017-04-02 13:36:39.405  INFO 1332 --- [    Test worker] j.LocalContainerEntityManagerFactoryBean : Initialized JPA EntityManagerFactory for persistence unit 'default'
2017-04-02 13:36:39.735  INFO 1332 --- [    Test worker] c.p.j.d.repository.UserRepositoryTest    : Started UserRepositoryTest in 2.007 seconds (JVM running for 2.793)
2017-04-02 13:36:39.777  INFO 1332 --- [    Test worker] o.s.t.c.transaction.TransactionContext   : Began transaction (1) for test context [DefaultTestContext@25a4155 testClass = UserRepositoryTest, testInstance = com.pro.jenova.data.repository.UserRepositoryTest@116ff2ad, testMethod = saveCustomer@UserRepositoryTest, testException = [null], mergedContextConfiguration = [MergedContextConfiguration@77ca7b78 testClass = UserRepositoryTest, locations = '{}', classes = '{class com.pro.jenova.Application}', contextInitializerClasses = '[]', activeProfiles = '{}', propertySourceLocations = '{}', propertySourceProperties = '{org.springframework.boot.test.context.SpringBootTestContextBootstrapper=true}', contextCustomizers = set[org.springframework.boot.test.context.SpringBootTestContextCustomizer@788ca3c8, org.springframework.boot.test.context.filter.ExcludeFilterContextCustomizer@58322a53, org.springframework.boot.test.mock.mockito.MockitoContextCustomizer@0, org.springframework.boot.test.autoconfigure.properties.PropertyMappingContextCustomizer@0, org.springframework.boot.test.autoconfigure.web.servlet.WebDriverContextCustomizerFactory$Customizer@19c435fe], contextLoader = 'org.springframework.boot.test.context.SpringBootContextLoader', parent = [null]]]; transaction manager [org.springframework.orm.jpa.JpaTransactionManager@7bcc9e3a]; rollback [true]
2017-04-02 13:36:39.848  INFO 1332 --- [    Test worker] o.h.h.i.QueryTranslatorFactoryInitiator  : HHH000397: Using ASTQueryTranslatorFactory
2017-04-02 13:36:40.058  INFO 1332 --- [    Test worker] o.s.t.c.transaction.TransactionContext   : Rolled back transaction for test context [DefaultTestContext@25a4155 testClass = UserRepositoryTest, testInstance = com.pro.jenova.data.repository.UserRepositoryTest@116ff2ad, testMethod = saveCustomer@UserRepositoryTest, testException = [null], mergedContextConfiguration = [MergedContextConfiguration@77ca7b78 testClass = UserRepositoryTest, locations = '{}', classes = '{class com.pro.jenova.Application}', contextInitializerClasses = '[]', activeProfiles = '{}', propertySourceLocations = '{}', propertySourceProperties = '{org.springframework.boot.test.context.SpringBootTestContextBootstrapper=true}', contextCustomizers = set[org.springframework.boot.test.context.SpringBootTestContextCustomizer@788ca3c8, org.springframework.boot.test.context.filter.ExcludeFilterContextCustomizer@58322a53, org.springframework.boot.test.mock.mockito.MockitoContextCustomizer@0, org.springframework.boot.test.autoconfigure.properties.PropertyMappingContextCustomizer@0, org.springframework.boot.test.autoconfigure.web.servlet.WebDriverContextCustomizerFactory$Customizer@19c435fe], contextLoader = 'org.springframework.boot.test.context.SpringBootContextLoader', parent = [null]]].
]]></system-out>
  <system-err><![CDATA[]]></system-err>
</testsuite>
